<?xml version="1.0" encoding="UTF-8"?>
<testng-results ignored="0" total="1" passed="1" failed="0" skipped="0">
  <reporter-output>
    <line>
      <![CDATA[openBrowser]]>
    </line>
    <line>
      <![CDATA[login]]>
    </line>
    <line>
      <![CDATA[createAndDeleteUser method has started]]>
    </line>
    <line>
      <![CDATA[createAndDeleteUser method has succeeded]]>
    </line>
    <line>
      <![CDATA[logout]]>
    </line>
    <line>
      <![CDATA[closeBrowser]]>
    </line>
  </reporter-output>
  <suite started-at="2023-12-28T16:41:30 IST" name="Default suite" finished-at="2023-12-28T16:42:37 IST" duration-ms="66974">
    <groups>
    </groups>
    <test started-at="2023-12-28T16:41:30 IST" name="Default test" finished-at="2023-12-28T16:42:37 IST" duration-ms="66974">
      <class name="com.actitime.testscript.UserModule">
        <test-method is-config="true" signature="openBrowser()[pri:0, instance:com.actitime.testscript.UserModule@79079097]" started-at="2023-12-28T16:41:30 IST" name="openBrowser" finished-at="2023-12-28T16:41:46 IST" duration-ms="16845" status="PASS">
          <reporter-output>
            <line>
              <![CDATA[openBrowser]]>
            </line>
          </reporter-output>
        </test-method> <!-- openBrowser -->
        <test-method is-config="true" signature="login()[pri:0, instance:com.actitime.testscript.UserModule@79079097]" started-at="2023-12-28T16:41:47 IST" name="login" finished-at="2023-12-28T16:41:47 IST" duration-ms="719" status="PASS">
          <reporter-output>
            <line>
              <![CDATA[login]]>
            </line>
          </reporter-output>
        </test-method> <!-- login -->
        <test-method signature="createAndDeleteUser()[pri:0, instance:com.actitime.testscript.UserModule@79079097]" started-at="2023-12-28T16:41:47 IST" name="createAndDeleteUser" finished-at="2023-12-28T16:42:31 IST" duration-ms="43656" status="PASS">
          <reporter-output>
            <line>
              <![CDATA[createAndDeleteUser method has started]]>
            </line>
            <line>
              <![CDATA[createAndDeleteUser method has succeeded]]>
            </line>
          </reporter-output>
        </test-method> <!-- createAndDeleteUser -->
        <test-method is-config="true" signature="logout()[pri:0, instance:com.actitime.testscript.UserModule@79079097]" started-at="2023-12-28T16:42:31 IST" name="logout" finished-at="2023-12-28T16:42:33 IST" duration-ms="2001" status="PASS">
          <reporter-output>
            <line>
              <![CDATA[logout]]>
            </line>
          </reporter-output>
        </test-method> <!-- logout -->
        <test-method is-config="true" signature="closeBrowser()[pri:0, instance:com.actitime.testscript.UserModule@79079097]" started-at="2023-12-28T16:42:33 IST" name="closeBrowser" finished-at="2023-12-28T16:42:37 IST" duration-ms="3392" status="PASS">
          <reporter-output>
            <line>
              <![CDATA[closeBrowser]]>
            </line>
          </reporter-output>
        </test-method> <!-- closeBrowser -->
      </class> <!-- com.actitime.testscript.UserModule -->
    </test> <!-- Default test -->
  </suite> <!-- Default suite -->
</testng-results>
