<?xml version="1.0" encoding="UTF-8"?>
<testng-results ignored="0" total="1" passed="1" failed="0" skipped="0">
  <reporter-output>
    <line>
      <![CDATA[hello]]>
    </line>
  </reporter-output>
  <suite started-at="2023-12-29T12:20:23 IST" name="Default suite" finished-at="2023-12-29T12:20:24 IST" duration-ms="699">
    <groups>
    </groups>
    <test started-at="2023-12-29T12:20:23 IST" name="Default test" finished-at="2023-12-29T12:20:24 IST" duration-ms="699">
      <class name="com.actitime.testscript.UserModule">
        <test-method signature="addUser()[pri:0, instance:com.actitime.testscript.UserModule@7f0eb4b4]" started-at="2023-12-29T12:20:24 IST" name="addUser" finished-at="2023-12-29T12:20:24 IST" duration-ms="193" status="PASS">
          <reporter-output>
            <line>
              <![CDATA[hello]]>
            </line>
          </reporter-output>
        </test-method> <!-- addUser -->
      </class> <!-- com.actitime.testscript.UserModule -->
    </test> <!-- Default test -->
  </suite> <!-- Default suite -->
</testng-results>
